# JRE version: OpenJDK Runtime Environment (8.0_242-b01) (build 1.8.0_242-release-1644-b01)
# Java VM: OpenJDK 64-Bit Server VM (25.242-b01 mixed mode windows-amd64 compressed oops)
Heap:
 PSYoungGen      total 156160K, used 92110K [0x00000000d5580000, 0x00000000e0600000, 0x0000000100000000)
  eden space 145408K, 55% used [0x00000000d5580000,0x00000000da4fd590,0x00000000de380000)
  from space 10752K, 99% used [0x00000000dfb80000,0x00000000e05f65e8,0x00000000e0600000)
  to   space 12288K, 0% used [0x00000000dee00000,0x00000000dee00000,0x00000000dfa00000)
 ParOldGen       total 38912K, used 14477K [0x0000000080000000, 0x0000000082600000, 0x00000000d5580000)
  object space 38912K, 37% used [0x0000000080000000,0x0000000080e23710,0x0000000082600000)
 Metaspace       used 48605K, capacity 50402K, committed 50736K, reserved 1093632K
  class space    used 6481K, capacity 6859K, committed 6960K, reserved 1048576K
GC Heap History (10 events):
Event: 24.615 GC heap before
{Heap before GC invocations=10 (full 1):
 PSYoungGen      total 67072K, used 61952K [0x00000000d5580000, 0x00000000de100000, 0x0000000100000000)
  eden space 61952K, 100% used [0x00000000d5580000,0x00000000d9200000,0x00000000d9200000)
  from space 5120K, 0% used [0x00000000ddc00000,0x00000000ddc00000,0x00000000de100000)
  to   space 8704K, 0% used [0x00000000dd000000,0x00000000dd000000,0x00000000dd880000)
 ParOldGen       total 27648K, used 10906K [0x0000000080000000, 0x0000000081b00000, 0x00000000d5580000)
  object space 27648K, 39% used [0x0000000080000000,0x0000000080aa6af0,0x0000000081b00000)
 Metaspace       used 27723K, capacity 28528K, committed 28720K, reserved 1073152K
  class space    used 3827K, capacity 4075K, committed 4144K, reserved 1048576K
Event: 24.645 GC heap after
Heap after GC invocations=10 (full 1):
 PSYoungGen      total 89088K, used 7397K [0x00000000d5580000, 0x00000000ddc80000, 0x0000000100000000)
  eden space 81408K, 0% used [0x00000000d5580000,0x00000000d5580000,0x00000000da500000)
  from space 7680K, 96% used [0x00000000dd000000,0x00000000dd739520,0x00000000dd780000)
  to   space 5120K, 0% used [0x00000000dd780000,0x00000000dd780000,0x00000000ddc80000)
 ParOldGen       total 27648K, used 10914K [0x0000000080000000, 0x0000000081b00000, 0x00000000d5580000)
  object space 27648K, 39% used [0x0000000080000000,0x0000000080aa8af0,0x0000000081b00000)
 Metaspace       used 27723K, capacity 28528K, committed 28720K, reserved 1073152K
  class space    used 3827K, capacity 4075K, committed 4144K, reserved 1048576K
}
Event: 29.095 GC heap before
{Heap before GC invocations=11 (full 1):
 PSYoungGen      total 89088K, used 88805K [0x00000000d5580000, 0x00000000ddc80000, 0x0000000100000000)
  eden space 81408K, 100% used [0x00000000d5580000,0x00000000da500000,0x00000000da500000)
  from space 7680K, 96% used [0x00000000dd000000,0x00000000dd739520,0x00000000dd780000)
  to   space 5120K, 0% used [0x00000000dd780000,0x00000000dd780000,0x00000000ddc80000)
 ParOldGen       total 27648K, used 10914K [0x0000000080000000, 0x0000000081b00000, 0x00000000d5580000)
  object space 27648K, 39% used [0x0000000080000000,0x0000000080aa8af0,0x0000000081b00000)
 Metaspace       used 32936K, capacity 33978K, committed 34224K, reserved 1079296K
  class space    used 4449K, capacity 4736K, committed 4784K, reserved 1048576K
Event: 29.165 GC heap after
Heap after GC invocations=11 (full 1):
 PSYoungGen      total 114176K, used 5120K [0x00000000d5580000, 0x00000000ddc80000, 0x0000000100000000)
  eden space 109056K, 0% used [0x00000000d5580000,0x00000000d5580000,0x00000000dc000000)
  from space 5120K, 100% used [0x00000000dd780000,0x00000000ddc80000,0x00000000ddc80000)
  to   space 11264K, 0% used [0x00000000dc680000,0x00000000dc680000,0x00000000dd180000)
 ParOldGen       total 27648K, used 15463K [0x0000000080000000, 0x0000000081b00000, 0x00000000d5580000)
  object space 27648K, 55% used [0x0000000080000000,0x0000000080f19da0,0x0000000081b00000)
 Metaspace       used 32936K, capacity 33978K, committed 34224K, reserved 1079296K
  class space    used 4449K, capacity 4736K, committed 4784K, reserved 1048576K
}
Event: 29.829 GC heap before
{Heap before GC invocations=12 (full 1):
 PSYoungGen      total 114176K, used 16829K [0x00000000d5580000, 0x00000000ddc80000, 0x0000000100000000)
  eden space 109056K, 10% used [0x00000000d5580000,0x00000000d60ef440,0x00000000dc000000)
  from space 5120K, 100% used [0x00000000dd780000,0x00000000ddc80000,0x00000000ddc80000)
  to   space 11264K, 0% used [0x00000000dc680000,0x00000000dc680000,0x00000000dd180000)
 ParOldGen       total 27648K, used 15463K [0x0000000080000000, 0x0000000081b00000, 0x00000000d5580000)
  object space 27648K, 55% used [0x0000000080000000,0x0000000080f19da0,0x0000000081b00000)
 Metaspace       used 34438K, capacity 35424K, committed 35496K, reserved 1079296K
  class space    used 4612K, capacity 4873K, committed 4912K, reserved 1048576K
Event: 29.884 GC heap after
Heap after GC invocations=12 (full 1):
 PSYoungGen      total 126976K, used 4206K [0x00000000d5580000, 0x00000000e0600000, 0x0000000100000000)
  eden space 115712K, 0% used [0x00000000d5580000,0x00000000d5580000,0x00000000dc680000)
  from space 11264K, 37% used [0x00000000dc680000,0x00000000dca9bbb8,0x00000000dd180000)
  to   space 10752K, 0% used [0x00000000dfb80000,0x00000000dfb80000,0x00000000e0600000)
 ParOldGen       total 27648K, used 17950K [0x0000000080000000, 0x0000000081b00000, 0x00000000d5580000)
  object space 27648K, 64% used [0x0000000080000000,0x00000000811878f0,0x0000000081b00000)
 Metaspace       used 34438K, capacity 35424K, committed 35496K, reserved 1079296K
  class space    used 4612K, capacity 4873K, committed 4912K, reserved 1048576K
}
Event: 29.884 GC heap before
{Heap before GC invocations=13 (full 2):
 PSYoungGen      total 126976K, used 4206K [0x00000000d5580000, 0x00000000e0600000, 0x0000000100000000)
  eden space 115712K, 0% used [0x00000000d5580000,0x00000000d5580000,0x00000000dc680000)
  from space 11264K, 37% used [0x00000000dc680000,0x00000000dca9bbb8,0x00000000dd180000)
  to   space 10752K, 0% used [0x00000000dfb80000,0x00000000dfb80000,0x00000000e0600000)
 ParOldGen       total 27648K, used 17950K [0x0000000080000000, 0x0000000081b00000, 0x00000000d5580000)
  object space 27648K, 64% used [0x0000000080000000,0x00000000811878f0,0x0000000081b00000)
 Metaspace       used 34438K, capacity 35424K, committed 35496K, reserved 1079296K
  class space    used 4612K, capacity 4873K, committed 4912K, reserved 1048576K
Event: 30.335 GC heap after
Heap after GC invocations=13 (full 2):
 PSYoungGen      total 126976K, used 0K [0x00000000d5580000, 0x00000000e0600000, 0x0000000100000000)
  eden space 115712K, 0% used [0x00000000d5580000,0x00000000d5580000,0x00000000dc680000)
  from space 11264K, 0% used [0x00000000dc680000,0x00000000dc680000,0x00000000dd180000)
  to   space 10752K, 0% used [0x00000000dfb80000,0x00000000dfb80000,0x00000000e0600000)
 ParOldGen       total 38912K, used 14469K [0x0000000080000000, 0x0000000082600000, 0x00000000d5580000)
  object space 38912K, 37% used [0x0000000080000000,0x0000000080e21710,0x0000000082600000)
 Metaspace       used 34438K, capacity 35424K, committed 35496K, reserved 1079296K
  class space    used 4612K, capacity 4873K, committed 4912K, reserved 1048576K
}
Event: 48.329 GC heap before
{Heap before GC invocations=14 (full 2):
 PSYoungGen      total 126976K, used 115712K [0x00000000d5580000, 0x00000000e0600000, 0x0000000100000000)
  eden space 115712K, 100% used [0x00000000d5580000,0x00000000dc680000,0x00000000dc680000)
  from space 11264K, 0% used [0x00000000dc680000,0x00000000dc680000,0x00000000dd180000)
  to   space 10752K, 0% used [0x00000000dfb80000,0x00000000dfb80000,0x00000000e0600000)
 ParOldGen       total 38912K, used 14469K [0x0000000080000000, 0x0000000082600000, 0x00000000d5580000)
  object space 38912K, 37% used [0x0000000080000000,0x0000000080e21710,0x0000000082600000)
 Metaspace       used 40127K, capacity 41644K, committed 41904K, reserved 1085440K
  class space    used 5424K, capacity 5752K, committed 5808K, reserved 1048576K
Event: 48.377 GC heap after
Heap after GC invocations=14 (full 2):
 PSYoungGen      total 156160K, used 10713K [0x00000000d5580000, 0x00000000e0600000, 0x0000000100000000)
  eden space 145408K, 0% used [0x00000000d5580000,0x00000000d5580000,0x00000000de380000)
  from space 10752K, 99% used [0x00000000dfb80000,0x00000000e05f65e8,0x00000000e0600000)
  to   space 12288K, 0% used [0x00000000dee00000,0x00000000dee00000,0x00000000dfa00000)
 ParOldGen       total 38912K, used 14477K [0x0000000080000000, 0x0000000082600000, 0x00000000d5580000)
  object space 38912K, 37% used [0x0000000080000000,0x0000000080e23710,0x0000000082600000)
 Metaspace       used 40127K, capacity 41644K, committed 41904K, reserved 1085440K
  class space    used 5424K, capacity 5752K, committed 5808K, reserved 1048576K
}

